2024-12-17 21:31:24 DEBUG TestNG:82 - suiteXmlPath: "C:\Users\vaibh\eclipse-workspace\OpenCart_Automation_Project_V001\testng.xml"
2024-12-17 21:31:24 WARN  TestNGContentHandler:133 - It is strongly recommended to add "<!DOCTYPE suite SYSTEM "https://testng.org/testng-1.0.dtd" >" at the top of the suite file [C:\Users\vaibh\eclipse-workspace\OpenCart_Automation_Project_V001\testng.xml] otherwise TestNG may fail or not work as expected.
2024-12-17 21:31:24 INFO  Utils:112 - [TestNG] Running:
  C:\Users\vaibh\eclipse-workspace\OpenCart_Automation_Project_V001\testng.xml

2024-12-17 21:31:35 DEBUG PackageRelationshipCollection:307 - Parsing relationship: /xl/_rels/workbook.xml.rels
2024-12-17 21:31:35 DEBUG PackageRelationshipCollection:307 - Parsing relationship: /xl/worksheets/_rels/sheet1.xml.rels
2024-12-17 21:31:35 DEBUG PackageRelationshipCollection:307 - Parsing relationship: /_rels/.rels
2024-12-17 21:31:36 DEBUG PackageRelationshipCollection:307 - Parsing relationship: /xl/_rels/workbook.xml.rels
2024-12-17 21:31:36 DEBUG PackageRelationshipCollection:307 - Parsing relationship: /xl/worksheets/_rels/sheet1.xml.rels
2024-12-17 21:31:36 DEBUG PackageRelationshipCollection:307 - Parsing relationship: /_rels/.rels
2024-12-17 21:31:36 DEBUG PackageRelationshipCollection:307 - Parsing relationship: /xl/_rels/workbook.xml.rels
2024-12-17 21:31:36 DEBUG PackageRelationshipCollection:307 - Parsing relationship: /xl/worksheets/_rels/sheet1.xml.rels
2024-12-17 21:31:36 DEBUG PackageRelationshipCollection:307 - Parsing relationship: /_rels/.rels
2024-12-17 21:31:36 DEBUG PackageRelationshipCollection:307 - Parsing relationship: /xl/_rels/workbook.xml.rels
2024-12-17 21:31:36 DEBUG PackageRelationshipCollection:307 - Parsing relationship: /xl/worksheets/_rels/sheet1.xml.rels
2024-12-17 21:31:36 DEBUG PackageRelationshipCollection:307 - Parsing relationship: /_rels/.rels
2024-12-17 21:31:36 DEBUG PackageRelationshipCollection:307 - Parsing relationship: /xl/_rels/workbook.xml.rels
2024-12-17 21:31:36 DEBUG PackageRelationshipCollection:307 - Parsing relationship: /xl/worksheets/_rels/sheet1.xml.rels
2024-12-17 21:31:36 DEBUG PackageRelationshipCollection:307 - Parsing relationship: /_rels/.rels
2024-12-17 21:31:36 DEBUG PackageRelationshipCollection:307 - Parsing relationship: /xl/_rels/workbook.xml.rels
2024-12-17 21:31:36 DEBUG PackageRelationshipCollection:307 - Parsing relationship: /xl/worksheets/_rels/sheet1.xml.rels
2024-12-17 21:31:36 DEBUG PackageRelationshipCollection:307 - Parsing relationship: /_rels/.rels
2024-12-17 21:31:36 DEBUG PackageRelationshipCollection:307 - Parsing relationship: /xl/_rels/workbook.xml.rels
2024-12-17 21:31:36 DEBUG PackageRelationshipCollection:307 - Parsing relationship: /xl/worksheets/_rels/sheet1.xml.rels
2024-12-17 21:31:36 DEBUG PackageRelationshipCollection:307 - Parsing relationship: /_rels/.rels
2024-12-17 21:31:36 DEBUG PackageRelationshipCollection:307 - Parsing relationship: /xl/_rels/workbook.xml.rels
2024-12-17 21:31:36 DEBUG PackageRelationshipCollection:307 - Parsing relationship: /xl/worksheets/_rels/sheet1.xml.rels
2024-12-17 21:31:36 DEBUG PackageRelationshipCollection:307 - Parsing relationship: /_rels/.rels
2024-12-17 21:31:36 INFO  TC003_LogInTestDDT:17 -  
2024-12-17 21:31:36 INFO  TC003_LogInTestDDT:18 - *******TC002_LoginTest Started for execution
2024-12-17 21:31:36 INFO  TC003_LogInTestDDT:22 - clicked on myaccount
2024-12-17 21:31:38 INFO  TC003_LogInTestDDT:24 - clicked on login
2024-12-17 21:31:38 INFO  TC003_LogInTestDDT:17 -  
2024-12-17 21:31:38 INFO  TC003_LogInTestDDT:18 - *******TC002_LoginTest Started for execution
2024-12-17 21:31:38 INFO  TC003_LogInTestDDT:22 - clicked on myaccount
2024-12-17 21:31:39 INFO  TC003_LogInTestDDT:24 - clicked on login
2024-12-17 21:35:12 DEBUG TestNG:82 - suiteXmlPath: "C:\Users\vaibh\eclipse-workspace\OpenCart_Automation_Project_V001\testng.xml"
2024-12-17 21:35:12 WARN  TestNGContentHandler:133 - It is strongly recommended to add "<!DOCTYPE suite SYSTEM "https://testng.org/testng-1.0.dtd" >" at the top of the suite file [C:\Users\vaibh\eclipse-workspace\OpenCart_Automation_Project_V001\testng.xml] otherwise TestNG may fail or not work as expected.
2024-12-17 21:35:13 INFO  Utils:112 - [TestNG] Running:
  C:\Users\vaibh\eclipse-workspace\OpenCart_Automation_Project_V001\testng.xml

2024-12-17 21:35:19 DEBUG PackageRelationshipCollection:307 - Parsing relationship: /xl/_rels/workbook.xml.rels
2024-12-17 21:35:19 DEBUG PackageRelationshipCollection:307 - Parsing relationship: /xl/worksheets/_rels/sheet1.xml.rels
2024-12-17 21:35:19 DEBUG PackageRelationshipCollection:307 - Parsing relationship: /_rels/.rels
2024-12-17 21:35:20 DEBUG PackageRelationshipCollection:307 - Parsing relationship: /xl/_rels/workbook.xml.rels
2024-12-17 21:35:20 DEBUG PackageRelationshipCollection:307 - Parsing relationship: /xl/worksheets/_rels/sheet1.xml.rels
2024-12-17 21:35:20 DEBUG PackageRelationshipCollection:307 - Parsing relationship: /_rels/.rels
2024-12-17 21:35:20 DEBUG PackageRelationshipCollection:307 - Parsing relationship: /xl/_rels/workbook.xml.rels
2024-12-17 21:35:20 DEBUG PackageRelationshipCollection:307 - Parsing relationship: /xl/worksheets/_rels/sheet1.xml.rels
2024-12-17 21:35:20 DEBUG PackageRelationshipCollection:307 - Parsing relationship: /_rels/.rels
2024-12-17 21:35:20 DEBUG PackageRelationshipCollection:307 - Parsing relationship: /xl/_rels/workbook.xml.rels
2024-12-17 21:35:20 DEBUG PackageRelationshipCollection:307 - Parsing relationship: /xl/worksheets/_rels/sheet1.xml.rels
2024-12-17 21:35:20 DEBUG PackageRelationshipCollection:307 - Parsing relationship: /_rels/.rels
2024-12-17 21:35:20 DEBUG PackageRelationshipCollection:307 - Parsing relationship: /xl/_rels/workbook.xml.rels
2024-12-17 21:35:20 DEBUG PackageRelationshipCollection:307 - Parsing relationship: /xl/worksheets/_rels/sheet1.xml.rels
2024-12-17 21:35:20 DEBUG PackageRelationshipCollection:307 - Parsing relationship: /_rels/.rels
2024-12-17 21:35:20 DEBUG PackageRelationshipCollection:307 - Parsing relationship: /xl/_rels/workbook.xml.rels
2024-12-17 21:35:20 DEBUG PackageRelationshipCollection:307 - Parsing relationship: /xl/worksheets/_rels/sheet1.xml.rels
2024-12-17 21:35:20 DEBUG PackageRelationshipCollection:307 - Parsing relationship: /_rels/.rels
2024-12-17 21:35:20 DEBUG PackageRelationshipCollection:307 - Parsing relationship: /xl/_rels/workbook.xml.rels
2024-12-17 21:35:20 DEBUG PackageRelationshipCollection:307 - Parsing relationship: /xl/worksheets/_rels/sheet1.xml.rels
2024-12-17 21:35:20 DEBUG PackageRelationshipCollection:307 - Parsing relationship: /_rels/.rels
2024-12-17 21:35:20 DEBUG PackageRelationshipCollection:307 - Parsing relationship: /xl/_rels/workbook.xml.rels
2024-12-17 21:35:20 DEBUG PackageRelationshipCollection:307 - Parsing relationship: /xl/worksheets/_rels/sheet1.xml.rels
2024-12-17 21:35:20 DEBUG PackageRelationshipCollection:307 - Parsing relationship: /_rels/.rels
2024-12-17 21:35:20 INFO  TC003_LogInTestDDT:17 -  
2024-12-17 21:35:20 INFO  TC003_LogInTestDDT:18 - *******TC002_LoginTest Started for execution
2024-12-17 21:35:20 INFO  TC003_LogInTestDDT:22 - clicked on myaccount
2024-12-17 21:35:21 INFO  TC003_LogInTestDDT:24 - clicked on login
2024-12-17 21:35:21 INFO  TC003_LogInTestDDT:17 -  
2024-12-17 21:35:21 INFO  TC003_LogInTestDDT:18 - *******TC002_LoginTest Started for execution
2024-12-17 21:35:21 INFO  TC003_LogInTestDDT:22 - clicked on myaccount
2024-12-17 21:35:21 INFO  TC003_LogInTestDDT:24 - clicked on login
2024-12-17 21:40:35 DEBUG TestNG:82 - suiteXmlPath: "C:\Users\vaibh\eclipse-workspace\OpenCart_Automation_Project_V001\testng.xml"
2024-12-17 21:40:35 WARN  TestNGContentHandler:133 - It is strongly recommended to add "<!DOCTYPE suite SYSTEM "https://testng.org/testng-1.0.dtd" >" at the top of the suite file [C:\Users\vaibh\eclipse-workspace\OpenCart_Automation_Project_V001\testng.xml] otherwise TestNG may fail or not work as expected.
2024-12-17 21:40:35 INFO  Utils:112 - [TestNG] Running:
  C:\Users\vaibh\eclipse-workspace\OpenCart_Automation_Project_V001\testng.xml

2024-12-17 21:40:41 DEBUG PackageRelationshipCollection:307 - Parsing relationship: /xl/_rels/workbook.xml.rels
2024-12-17 21:40:41 DEBUG PackageRelationshipCollection:307 - Parsing relationship: /xl/worksheets/_rels/sheet1.xml.rels
2024-12-17 21:40:41 DEBUG PackageRelationshipCollection:307 - Parsing relationship: /_rels/.rels
2024-12-17 21:40:42 DEBUG PackageRelationshipCollection:307 - Parsing relationship: /xl/_rels/workbook.xml.rels
2024-12-17 21:40:42 DEBUG PackageRelationshipCollection:307 - Parsing relationship: /xl/worksheets/_rels/sheet1.xml.rels
2024-12-17 21:40:42 DEBUG PackageRelationshipCollection:307 - Parsing relationship: /_rels/.rels
2024-12-17 21:40:42 DEBUG PackageRelationshipCollection:307 - Parsing relationship: /xl/_rels/workbook.xml.rels
2024-12-17 21:40:42 DEBUG PackageRelationshipCollection:307 - Parsing relationship: /xl/worksheets/_rels/sheet1.xml.rels
2024-12-17 21:40:42 DEBUG PackageRelationshipCollection:307 - Parsing relationship: /_rels/.rels
2024-12-17 21:40:42 DEBUG PackageRelationshipCollection:307 - Parsing relationship: /xl/_rels/workbook.xml.rels
2024-12-17 21:40:42 DEBUG PackageRelationshipCollection:307 - Parsing relationship: /xl/worksheets/_rels/sheet1.xml.rels
2024-12-17 21:40:42 DEBUG PackageRelationshipCollection:307 - Parsing relationship: /_rels/.rels
2024-12-17 21:40:42 DEBUG PackageRelationshipCollection:307 - Parsing relationship: /xl/_rels/workbook.xml.rels
2024-12-17 21:40:42 DEBUG PackageRelationshipCollection:307 - Parsing relationship: /xl/worksheets/_rels/sheet1.xml.rels
2024-12-17 21:40:42 DEBUG PackageRelationshipCollection:307 - Parsing relationship: /_rels/.rels
2024-12-17 21:40:42 DEBUG PackageRelationshipCollection:307 - Parsing relationship: /xl/_rels/workbook.xml.rels
2024-12-17 21:40:42 DEBUG PackageRelationshipCollection:307 - Parsing relationship: /xl/worksheets/_rels/sheet1.xml.rels
2024-12-17 21:40:42 DEBUG PackageRelationshipCollection:307 - Parsing relationship: /_rels/.rels
2024-12-17 21:40:42 DEBUG PackageRelationshipCollection:307 - Parsing relationship: /xl/_rels/workbook.xml.rels
2024-12-17 21:40:42 DEBUG PackageRelationshipCollection:307 - Parsing relationship: /xl/worksheets/_rels/sheet1.xml.rels
2024-12-17 21:40:42 DEBUG PackageRelationshipCollection:307 - Parsing relationship: /_rels/.rels
2024-12-17 21:40:42 DEBUG PackageRelationshipCollection:307 - Parsing relationship: /xl/_rels/workbook.xml.rels
2024-12-17 21:40:42 DEBUG PackageRelationshipCollection:307 - Parsing relationship: /xl/worksheets/_rels/sheet1.xml.rels
2024-12-17 21:40:42 DEBUG PackageRelationshipCollection:307 - Parsing relationship: /_rels/.rels
2024-12-17 21:40:42 INFO  TC003_LogInTestDDT:17 -  
2024-12-17 21:40:42 INFO  TC003_LogInTestDDT:18 - *******TC002_LoginTest Started for execution
2024-12-17 21:40:42 INFO  TC003_LogInTestDDT:22 - clicked on myaccount
2024-12-17 21:40:43 INFO  TC003_LogInTestDDT:24 - clicked on login
2024-12-17 21:40:43 INFO  TC003_LogInTestDDT:28 - entered valid email id
2024-12-17 21:40:43 INFO  TC003_LogInTestDDT:31 - entered valid password
2024-12-17 21:40:45 INFO  TC003_LogInTestDDT:34 - clicked on loginsubmit button
2024-12-17 21:40:46 INFO  TC003_LogInTestDDT:17 -  
2024-12-17 21:40:46 INFO  TC003_LogInTestDDT:18 - *******TC002_LoginTest Started for execution
2024-12-17 21:40:46 INFO  TC003_LogInTestDDT:22 - clicked on myaccount
2024-12-17 21:40:46 INFO  TC003_LogInTestDDT:24 - clicked on login
2024-12-17 21:40:46 INFO  TC003_LogInTestDDT:28 - entered valid email id
2024-12-17 21:40:46 INFO  TC003_LogInTestDDT:31 - entered valid password
2024-12-17 21:40:47 INFO  TC003_LogInTestDDT:34 - clicked on loginsubmit button
